d:\microsoft\projects\statisticsimpl\statisticsimpl\debug\vc140.pdb
d:\microsoft\projects\statisticsimpl\statisticsimpl\debug\vc140.idb
d:\microsoft\projects\statisticsimpl\statisticsimpl\debug\main3.obj
d:\microsoft\projects\statisticsimpl\statisticsimpl\debug\main4.obj
d:\microsoft\projects\statisticsimpl\statisticsimpl\debug\linklist.obj
d:\microsoft\projects\statisticsimpl\statisticsimpl\debug\main.obj
d:\microsoft\projects\statisticsimpl\statisticsimpl\debug\main-zy.obj
d:\microsoft\projects\statisticsimpl\debug\statisticsimpl.ilk
d:\microsoft\projects\statisticsimpl\debug\statisticsimpl.exe
d:\microsoft\projects\statisticsimpl\debug\statisticsimpl.pdb
d:\microsoft\projects\statisticsimpl\statisticsimpl\debug\statisticsimpl.tlog\cl.command.1.tlog
d:\microsoft\projects\statisticsimpl\statisticsimpl\debug\statisticsimpl.tlog\cl.read.1.tlog
d:\microsoft\projects\statisticsimpl\statisticsimpl\debug\statisticsimpl.tlog\cl.write.1.tlog
d:\microsoft\projects\statisticsimpl\statisticsimpl\debug\statisticsimpl.tlog\link-cvtres.read.1.tlog
d:\microsoft\projects\statisticsimpl\statisticsimpl\debug\statisticsimpl.tlog\link-cvtres.write.1.tlog
d:\microsoft\projects\statisticsimpl\statisticsimpl\debug\statisticsimpl.tlog\link-rc.read.1.tlog
d:\microsoft\projects\statisticsimpl\statisticsimpl\debug\statisticsimpl.tlog\link-rc.write.1.tlog
d:\microsoft\projects\statisticsimpl\statisticsimpl\debug\statisticsimpl.tlog\link.34232-cvtres.read.1.tlog
d:\microsoft\projects\statisticsimpl\statisticsimpl\debug\statisticsimpl.tlog\link.34232-cvtres.write.1.tlog
d:\microsoft\projects\statisticsimpl\statisticsimpl\debug\statisticsimpl.tlog\link.34232-rc.read.1.tlog
d:\microsoft\projects\statisticsimpl\statisticsimpl\debug\statisticsimpl.tlog\link.34232-rc.write.1.tlog
d:\microsoft\projects\statisticsimpl\statisticsimpl\debug\statisticsimpl.tlog\link.34232.read.1.tlog
d:\microsoft\projects\statisticsimpl\statisticsimpl\debug\statisticsimpl.tlog\link.34232.write.1.tlog
d:\microsoft\projects\statisticsimpl\statisticsimpl\debug\statisticsimpl.tlog\link.command.1.tlog
d:\microsoft\projects\statisticsimpl\statisticsimpl\debug\statisticsimpl.tlog\link.read.1.tlog
d:\microsoft\projects\statisticsimpl\statisticsimpl\debug\statisticsimpl.tlog\link.write.1.tlog
